<?xml version="1.0" encoding="UTF-8"?>
<testsuite xmlns:xsi="http://www.w3.org/2001/XMLSchema-instance" xsi:noNamespaceSchemaLocation="https://maven.apache.org/surefire/maven-surefire-plugin/xsd/surefire-test-report.xsd" version="3.0.2" name="uk.co.community.imagebrowser.repository.ImageRepositoryTest" time="0.104" tests="22" errors="0" skipped="0" failures="0" flakes="0">
  <properties>
[...]
</properties>
  <testcase name="navigationEmptyDb" classname="ImageRepository" time="0.071"/>
  <testcase name="countEmpty" classname="ImageRepository" time="0.003"/>
  <testcase name="countAfterInserts" classname="ImageRepository" time="0.003"/>
  <testcase name="findAll" classname="ImageRepository" time="0.004"/>
  <testcase name="searchEmpty" classname="ImageRepository" time="0.001"/>
  <testcase name="searchNoMatches" classname="ImageRepository" time="0.002"/>
  <testcase name="searchByFilename" classname="ImageRepository" time="0.002"/>
  <testcase name="findLastId" classname="ImageRepository" time="0.001"/>
  <testcase name="findNextId" classname="ImageRepository" time="0.002"/>
  <testcase name="findFirstId" classname="ImageRepository" time="0.001"/>
  <testcase name="findPrevId" classname="ImageRepository" time="0.001"/>
  <testcase name="findNextIdEmpty" classname="ImageRepository" time="0.001"/>
  <testcase name="findSummaryById" classname="ImageRepository" time="0.002"/>
  <testcase name="configRoundTrip" classname="ImageRepository" time="0.001"/>
  <testcase name="configUpsert" classname="ImageRepository" time="0.001"/>
  <testcase name="findThumbnailById" classname="ImageRepository" time="0.002"/>
  <testcase name="configMissing" classname="ImageRepository" time="0.0"/>
  <testcase name="clearAll" classname="ImageRepository" time="0.001"/>
  <testcase name="findSummaryByIdNotFound" classname="ImageRepository" time="0.0"/>
  <testcase name="insertReturnsId" classname="ImageRepository" time="0.001"/>
  <testcase name="findFullImageById" classname="ImageRepository" time="0.001"/>
  <testcase name="findAllPaginated" classname="ImageRepository" time="0.001"/>
</testsuite>